<?xml version="1.0" encoding="UTF-8"?>
<!-- Generated by org.testng.reporters.JUnitReportReporter -->
<testsuite hostname="DESKTOP-1QASA0A" failures="0" tests="3" name="com.test.TestNgBasics" time="0.023" errors="0" timestamp="2020-03-28T11:32:46 IST" skipped="0">
  <testcase classname="com.test.TestNgBasics" name="googleTitleTest" time="0.007"/>
  <system-out/>
  <testcase classname="com.test.TestNgBasics" name="googleLogoTest" time="0.011"/>
  <system-out/>
  <testcase classname="com.test.TestNgBasics" name="searchTest" time="0.005"/>
  <system-out/>
</testsuite> <!-- com.test.TestNgBasics -->
