<?xml version="1.0" encoding="UTF-8"?>
<!-- Generated by org.testng.reporters.JUnitReportReporter -->
<testsuite hostname="DESKTOP-1QASA0A" failures="0" tests="5" name="com.datadriven.test.MercuryToursTest" time="21.102" errors="0" timestamp="2020-04-06T16:16:15 IST" skipped="0">
  <testcase classname="com.datadriven.test.MercuryToursTest" name="mercuryToursRegTest" time="6.138"/>
  <system-out/>
  <testcase classname="com.datadriven.test.MercuryToursTest" name="mercuryToursRegTest" time="5.525"/>
  <system-out/>
  <testcase classname="com.datadriven.test.MercuryToursTest" name="mercuryToursRegTest" time="2.799"/>
  <system-out/>
  <testcase classname="com.datadriven.test.MercuryToursTest" name="mercuryToursRegTest" time="2.778"/>
  <system-out/>
  <testcase classname="com.datadriven.test.MercuryToursTest" name="mercuryToursRegTest" time="3.862"/>
  <system-out/>
</testsuite> <!-- com.datadriven.test.MercuryToursTest -->
