<?xml version="1.0" encoding="UTF-8"?>
<!-- Generated by org.testng.reporters.JUnitReportReporter -->
<testsuite hostname="DESKTOP-1QASA0A" failures="0" tests="10" name="com.test.InvocationCountTest" time="0.077" errors="0" timestamp="2020-03-28T11:32:46 IST" skipped="0">
  <testcase classname="com.test.InvocationCountTest" name="sum" time="0.013"/>
  <system-out/>
  <testcase classname="com.test.InvocationCountTest" name="sum" time="0.009"/>
  <system-out/>
  <testcase classname="com.test.InvocationCountTest" name="sum" time="0.011"/>
  <system-out/>
  <testcase classname="com.test.InvocationCountTest" name="sum" time="0.006"/>
  <system-out/>
  <testcase classname="com.test.InvocationCountTest" name="sum" time="0.005"/>
  <system-out/>
  <testcase classname="com.test.InvocationCountTest" name="sum" time="0.004"/>
  <system-out/>
  <testcase classname="com.test.InvocationCountTest" name="sum" time="0.007"/>
  <system-out/>
  <testcase classname="com.test.InvocationCountTest" name="sum" time="0.013"/>
  <system-out/>
  <testcase classname="com.test.InvocationCountTest" name="sum" time="0.004"/>
  <system-out/>
  <testcase classname="com.test.InvocationCountTest" name="sum" time="0.005"/>
  <system-out/>
</testsuite> <!-- com.test.InvocationCountTest -->
